<?xml version="1.0" encoding="UTF-8"?>
<robot generator="Robot 5.0.1 (Python 3.10.5 on darwin)" generated="20220826 14:20:13.389" rpa="false" schemaversion="3">
<suite id="s1" name="Ebaycount" source="/Users/aum/Desktop/CWN Part-time/ebaycount.robot">
<test id="s1-t1" name="ebay" line="17">
<kw name="Get to ebay">
<kw name="Open Browser" library="Selenium2Library">
<arg>${ebay}</arg>
<arg>${browser}</arg>
<doc>Opens a new browser instance to the optional ``url``.</doc>
<msg timestamp="20220826 14:20:13.497" level="INFO">Opening browser 'chrome' to base url 'https://www.ebay.com/'.</msg>
<status status="PASS" starttime="20220826 14:20:13.496" endtime="20220826 14:20:17.452"/>
</kw>
<status status="PASS" starttime="20220826 14:20:13.496" endtime="20220826 14:20:17.452"/>
</kw>
<kw name="Search SteamDeck">
<kw name="Input Text" library="Selenium2Library">
<arg>id:gh-ac</arg>
<arg>steamdeck</arg>
<doc>Types the given ``text`` into the text field identified by ``locator``.</doc>
<msg timestamp="20220826 14:20:17.454" level="INFO">Typing text 'steamdeck' into text field 'id:gh-ac'.</msg>
<status status="PASS" starttime="20220826 14:20:17.453" endtime="20220826 14:20:17.592"/>
</kw>
<kw name="Click Element" library="Selenium2Library">
<arg>xpath: //input[@class="btn btn-prim gh-spr"]</arg>
<doc>Click the element identified by ``locator``.</doc>
<msg timestamp="20220826 14:20:17.592" level="INFO">Clicking element 'xpath: //input[@class="btn btn-prim gh-spr"]'.</msg>
<status status="PASS" starttime="20220826 14:20:17.592" endtime="20220826 14:20:19.522"/>
</kw>
<status status="PASS" starttime="20220826 14:20:17.453" endtime="20220826 14:20:19.522"/>
</kw>
<kw name="Get Element Count" library="Selenium2Library">
<var>${count}</var>
<arg>xpath: //ul[@class="srp-results srp-list clearfix"]</arg>
<doc>Returns the number of elements matching ``locator``.</doc>
<msg timestamp="20220826 14:20:19.534" level="INFO">${count} = 1</msg>
<status status="PASS" starttime="20220826 14:20:19.523" endtime="20220826 14:20:19.534"/>
</kw>
<kw name="Get Text" library="Selenium2Library">
<var>${num}</var>
<arg>xpath: //span[@class="BOLD"]</arg>
<doc>Returns the text value of the element identified by ``locator``.</doc>
<msg timestamp="20220826 14:20:19.550" level="INFO">${num} = valve</msg>
<status status="PASS" starttime="20220826 14:20:19.534" endtime="20220826 14:20:19.550"/>
</kw>
<kw name="Run Keyword If" library="BuiltIn">
<arg>${count} - 6 == '${num}'</arg>
<arg>Correct</arg>
<arg>ELSE</arg>
<arg>Wrong</arg>
<doc>Runs the given keyword with the given arguments, if ``condition`` is true.</doc>
<kw name="Wrong">
<kw name="Log To Console" library="BuiltIn">
<arg>Wrong!</arg>
<doc>Logs the given message to the console.</doc>
<status status="PASS" starttime="20220826 14:20:19.551" endtime="20220826 14:20:19.551"/>
</kw>
<status status="PASS" starttime="20220826 14:20:19.551" endtime="20220826 14:20:19.551"/>
</kw>
<status status="PASS" starttime="20220826 14:20:19.551" endtime="20220826 14:20:19.551"/>
</kw>
<status status="PASS" starttime="20220826 14:20:13.496" endtime="20220826 14:20:19.551"/>
</test>
<status status="PASS" starttime="20220826 14:20:13.389" endtime="20220826 14:20:19.552"/>
</suite>
<statistics>
<total>
<stat pass="1" fail="0" skip="0">All Tests</stat>
</total>
<tag>
</tag>
<suite>
<stat pass="1" fail="0" skip="0" id="s1" name="Ebaycount">Ebaycount</stat>
</suite>
</statistics>
<errors>
</errors>
</robot>
