<?xml version="1.0" encoding="UTF-8"?>
<robot generator="Robot 5.0.1 (Python 3.10.5 on darwin)" generated="20220826 15:50:18.584" rpa="false" schemaversion="3">
<suite id="s1" name="Elderlycare" source="/Users/aum/Desktop/CWN Part-time/elderlycare.robot">
<test id="s1-t1" name="TC1" line="4">
<kw name="Open Browser" library="Selenium2Library">
<arg>https://oauth.elderly-hd.co/testing/login</arg>
<arg>chrome</arg>
<doc>Opens a new browser instance to the optional ``url``.</doc>
<msg timestamp="20220826 15:50:18.642" level="INFO">Opening browser 'chrome' to base url 'https://oauth.elderly-hd.co/testing/login'.</msg>
<status status="PASS" starttime="20220826 15:50:18.642" endtime="20220826 15:50:20.199"/>
</kw>
<kw name="Input Text" library="Selenium2Library">
<arg>xpath: //input[@class="form-control m-0 ng-untouched ng-pristine ng-invalid"]</arg>
<arg>admin-testing</arg>
<doc>Types the given ``text`` into the text field identified by ``locator``.</doc>
<msg timestamp="20220826 15:50:20.200" level="INFO">Typing text 'admin-testing' into text field 'xpath: //input[@class="form-control m-0 ng-untouched ng-pristine ng-invalid"]'.</msg>
<status status="PASS" starttime="20220826 15:50:20.199" endtime="20220826 15:50:20.289"/>
</kw>
<kw name="Input Password" library="Selenium2Library">
<arg>xpath: //input[@class="form-control ng-untouched ng-pristine ng-invalid"]</arg>
<arg>password</arg>
<doc>Types the given password into the text field identified by ``locator``.</doc>
<msg timestamp="20220826 15:50:20.290" level="INFO">Typing password into text field 'xpath: //input[@class="form-control ng-untouched ng-pristine ng-invalid"]'.</msg>
<msg timestamp="20220826 15:50:20.307" level="INFO">Temporally setting log level to: NONE</msg>
<msg timestamp="20220826 15:50:20.332" level="INFO">Log level changed from NONE to INFO.</msg>
<status status="PASS" starttime="20220826 15:50:20.289" endtime="20220826 15:50:20.332"/>
</kw>
<kw name="Click Button" library="Selenium2Library">
<arg>xpath: //button[@class="btn bg-custom btn-block"]</arg>
<doc>Clicks the button identified by ``locator``.</doc>
<msg timestamp="20220826 15:50:20.332" level="INFO">Clicking button 'xpath: //button[@class="btn bg-custom btn-block"]'.</msg>
<status status="PASS" starttime="20220826 15:50:20.332" endtime="20220826 15:50:20.362"/>
</kw>
<kw name="Click Element" library="Selenium2Library">
<arg>xpath: //div[@class="inner"]</arg>
<doc>Click the element identified by ``locator``.</doc>
<msg timestamp="20220826 15:50:20.362" level="INFO">Clicking element 'xpath: //div[@class="inner"]'.</msg>
<msg timestamp="20220826 15:50:20.546" level="INFO" html="true">&lt;/td&gt;&lt;/tr&gt;&lt;tr&gt;&lt;td colspan="3"&gt;&lt;a href="selenium-screenshot-1.png"&gt;&lt;img src="selenium-screenshot-1.png" width="800px"&gt;&lt;/a&gt;</msg>
<msg timestamp="20220826 15:50:20.546" level="FAIL">Element with locator 'xpath: //div[@class="inner"]' not found.</msg>
<status status="FAIL" starttime="20220826 15:50:20.362" endtime="20220826 15:50:20.547"/>
</kw>
<kw name="Click Element" library="Selenium2Library">
<arg>xpath: //a[@class="nav-link ng-star-inserted"]</arg>
<doc>Click the element identified by ``locator``.</doc>
<status status="NOT RUN" starttime="20220826 15:50:20.547" endtime="20220826 15:50:20.547"/>
</kw>
<status status="FAIL" starttime="20220826 15:50:18.642" endtime="20220826 15:50:20.547">Element with locator 'xpath: //div[@class="inner"]' not found.</status>
</test>
<status status="FAIL" starttime="20220826 15:50:18.585" endtime="20220826 15:50:20.548"/>
</suite>
<statistics>
<total>
<stat pass="0" fail="1" skip="0">All Tests</stat>
</total>
<tag>
</tag>
<suite>
<stat pass="0" fail="1" skip="0" id="s1" name="Elderlycare">Elderlycare</stat>
</suite>
</statistics>
<errors>
</errors>
</robot>
